{"name": "Appointment Confirmation", "status": "broken", "statusDetails": {"message": "selenium.common.exceptions.TimeoutException: Message: \nStacktrace:\n\tGetHandleVerifier [0x00007FF75B4C6CF5+28821]\n\t(No symbol) [0x00007FF75B433880]\n\t(No symbol) [0x00007FF75B2D578A]\n\t(No symbol) [0x00007FF75B3291BE]\n\t(No symbol) [0x00007FF75B3294AC]\n\t(No symbol) [0x00007FF75B372647]\n\t(No symbol) [0x00007FF75B34F33F]\n\t(No symbol) [0x00007FF75B36F412]\n\t(No symbol) [0x00007FF75B34F0A3]\n\t(No symbol) [0x00007FF75B31A778]\n\t(No symbol) [0x00007FF75B31B8E1]\n\tGetHandleVerifier [0x00007FF75B7FFCED+3408013]\n\tGetHandleVerifier [0x00007FF75B81745F+3504127]\n\tGetHandleVerifier [0x00007FF75B80B63D+3455453]\n\tGetHandleVerifier [0x00007FF75B58BDFB+835995]\n\t(No symbol) [0x00007FF75B43EB9F]\n\t(No symbol) [0x00007FF75B43A854]\n\t(No symbol) [0x00007FF75B43A9ED]\n\t(No symbol) [0x00007FF75B42A1D9]\n\tBaseThreadInitThunk [0x00007FFA8A50259D+29]\n\tRtlUserThreadStart [0x00007FFA8C3CAF38+40]", "trace": "setup = <selenium.webdriver.chrome.webdriver.WebDriver (session=\"22602f0d6bf6b03551f198188c343873\")>\n\n    @allure.title(\"Appointment Confirmation\")\n    @allure.description(\"Comment added while booking appointment is correctly added or not\")\n    @pytest.mark.positive\n    def test_katalon_appointment_comment(setup):\n        driver = setup\n    \n        homePage = HomePage(driver)\n        homePage.make_appointment_click()\n    \n        WebDriverWait(driver, 10).until(EC.visibility_of_element_located((By.ID, \"txt-username\")))\n    \n        loginPage = LogInPage(driver)\n    \n        demo_username = loginPage.get_demo_username()\n        demo_password = loginPage.get_demo_password()\n    \n        loginPage.login_katalon(username=demo_username, password=demo_password)\n>       WebDriverWait(driver, 10).until(EC.element_to_be_clickable((By.ID, \"btn-login\")))\n\ntest_appointment.py:40: \n_ _ _ _ _ _ _ _ _ _ _ _ _ _ _ _ _ _ _ _ _ _ _ _ _ _ _ _ _ _ _ _ _ _ _ _ _ _ _ _\n\nself = <selenium.webdriver.support.wait.WebDriverWait (session=\"22602f0d6bf6b03551f198188c343873\")>\nmethod = <function element_to_be_clickable.<locals>._predicate at 0x0000021F820E7560>\nmessage = ''\n\n    def until(self, method: Callable[[D], Union[Literal[False], T]], message: str = \"\") -> T:\n        \"\"\"Calls the method provided with the driver as an argument until the \\\n        return value does not evaluate to ``False``.\n    \n        :param method: callable(WebDriver)\n        :param message: optional message for :exc:`TimeoutException`\n        :returns: the result of the last call to `method`\n        :raises: :exc:`selenium.common.exceptions.TimeoutException` if timeout occurs\n        \"\"\"\n        screen = None\n        stacktrace = None\n    \n        end_time = time.monotonic() + self._timeout\n        while True:\n            try:\n                value = method(self._driver)\n                if value:\n                    return value\n            except self._ignored_exceptions as exc:\n                screen = getattr(exc, \"screen\", None)\n                stacktrace = getattr(exc, \"stacktrace\", None)\n            if time.monotonic() > end_time:\n                break\n            time.sleep(self._poll)\n>       raise TimeoutException(message, screen, stacktrace)\nE       selenium.common.exceptions.TimeoutException: Message: \nE       Stacktrace:\nE       \tGetHandleVerifier [0x00007FF75B4C6CF5+28821]\nE       \t(No symbol) [0x00007FF75B433880]\nE       \t(No symbol) [0x00007FF75B2D578A]\nE       \t(No symbol) [0x00007FF75B3291BE]\nE       \t(No symbol) [0x00007FF75B3294AC]\nE       \t(No symbol) [0x00007FF75B372647]\nE       \t(No symbol) [0x00007FF75B34F33F]\nE       \t(No symbol) [0x00007FF75B36F412]\nE       \t(No symbol) [0x00007FF75B34F0A3]\nE       \t(No symbol) [0x00007FF75B31A778]\nE       \t(No symbol) [0x00007FF75B31B8E1]\nE       \tGetHandleVerifier [0x00007FF75B7FFCED+3408013]\nE       \tGetHandleVerifier [0x00007FF75B81745F+3504127]\nE       \tGetHandleVerifier [0x00007FF75B80B63D+3455453]\nE       \tGetHandleVerifier [0x00007FF75B58BDFB+835995]\nE       \t(No symbol) [0x00007FF75B43EB9F]\nE       \t(No symbol) [0x00007FF75B43A854]\nE       \t(No symbol) [0x00007FF75B43A9ED]\nE       \t(No symbol) [0x00007FF75B42A1D9]\nE       \tBaseThreadInitThunk [0x00007FFA8A50259D+29]\nE       \tRtlUserThreadStart [0x00007FFA8C3CAF38+40]\n\n..\\..\\.venv\\Lib\\site-packages\\selenium\\webdriver\\support\\wait.py:105: TimeoutException"}, "description": "Comment added while booking appointment is correctly added or not", "start": 1733300891974, "stop": 1733300904060, "uuid": "87e1886e-52f7-46d6-892e-f6d4bd13c023", "historyId": "441158212635f8077ee99a261420eed4", "testCaseId": "441158212635f8077ee99a261420eed4", "fullName": "tests.Katalon_login_tests.test_appointment#test_katalon_appointment_comment", "labels": [{"name": "tag", "value": "positive"}, {"name": "parentSuite", "value": "tests.Katalon_login_tests"}, {"name": "suite", "value": "test_appointment"}, {"name": "host", "value": "JyotsnaSree"}, {"name": "thread", "value": "6760-MainThread"}, {"name": "framework", "value": "pytest"}, {"name": "language", "value": "cpython3"}, {"name": "package", "value": "tests.Katalon_login_tests.test_appointment"}]}